<?xml version='1.0' encoding='UTF-8'?>
<testsuite hostname="TS-STUDENT-8761" name="YourSetTheoryLanguageTest" tests="19" errors="0" failures="0" skipped="0" time="0.309" timestamp="2022-11-08T22:20:24">
          <properties>
      <property name="java.specification.version" value="19"/><property name="sun.cpu.isalist" value="amd64"/><property name="sun.jnu.encoding" value="Cp1252"/><property name="sun.arch.data.model" value="64"/><property name="java.vendor.url" value="https://java.oracle.com/"/><property name="sun.boot.library.path" value="C:\Program Files\Java\jdk-19\bin"/><property name="sun.java.command" value="xsbt.boot.Boot clean compile test"/><property name="jdk.debug" value="release"/><property name="java.specification.vendor" value="Oracle Corporation"/><property name="java.version.date" value="2022-09-20"/><property name="java.home" value="C:\Program Files\Java\jdk-19"/><property name="file.separator" value="\"/><property name="java.vm.compressedOopsMode" value="32-bit"/><property name="line.separator" value="
"/><property name="java.vm.specification.vendor" value="Oracle Corporation"/><property name="java.specification.name" value="Java Platform API Specification"/><property name="user.script" value=""/><property name="sun.management.compiler" value="HotSpot 64-Bit Tiered Compilers"/><property name="java.runtime.version" value="19+36-2238"/><property name="user.name" value="rkungu2"/><property name="log4j.ignoreTCL" value="true"/><property name="file.encoding" value="UTF-8"/><property name="jnidispatch.path" value="C:\Users\rkungu2\AppData\Local\Temp\jna-1270955314\jna14264113796933557203.dll"/><property name="jna.loaded" value="true"/><property name="java.io.tmpdir" value="C:\Users\rkungu2\AppData\Local\Temp\"/><property name="java.version" value="19"/><property name="java.vm.specification.name" value="Java Virtual Machine Specification"/><property name="sun.os.patch.level" value=""/><property name="native.encoding" value="Cp1252"/><property name="java.library.path" value="C:\Program Files\Java\jdk-19\bin;C:\WINDOWS\Sun\Java\bin;C:\WINDOWS\system32;C:\WINDOWS;C:\Program Files\Common Files\Oracle\Java\javapath;C:\WINDOWS\system32;C:\WINDOWS;C:\WINDOWS\System32\Wbem;C:\WINDOWS\System32\WindowsPowerShell\v1.0\;C:\WINDOWS\System32\OpenSSH\;C:\Program Files\Git\cmd;C:\Program Files (x86)\sbt\bin;C:\Users\rkungu2\AppData\Local\Microsoft\WindowsApps;C:\Program Files\JetBrains\IntelliJ IDEA 2022.2.2\bin;C:\Users\rkungu2\AppData\Local\Programs\Microsoft VS Code\bin;."/><property name="stderr.encoding" value="cp437"/><property name="java.vendor" value="Oracle Corporation"/><property name="scala.ext.dirs" value="C:\Users\rkungu2\.sbt\1.0\java9-rt-ext-oracle_corporation_19"/><property name="sun.io.unicode.encoding" value="UnicodeLittle"/><property name="java.class.path" value="C:\Program Files (x86)\sbt\\bin\sbt-launch.jar"/><property name="java.vm.vendor" value="Oracle Corporation"/><property name="user.variant" value=""/><property name="jline.shutdownhook" value="false"/><property name="user.timezone" value="America/Chicago"/><property name="java.vm.specification.version" value="19"/><property name="os.name" value="Windows 11"/><property name="sun.java.launcher" value="SUN_STANDARD"/><property name="user.country" value="US"/><property name="sun.cpu.endian" value="little"/><property name="user.home" value="C:\Users\rkungu2"/><property name="user.language" value="en"/><property name="sbt.ipcsocket.tmpdir" value="C:\Users\rkungu2\AppData\Local\Temp\.sbt3e629e30\ipcsocket"/><property name="swoval.tmpdir" value="C:\Users\rkungu2\AppData\Local\Temp\.sbt3e629e30\swoval"/><property name="jline.esc.timeout" value="0"/><property name="stdout.encoding" value="cp437"/><property name="path.separator" value=";"/><property name="os.version" value="10.0"/><property name="jna.nosys" value="true"/><property name="java.runtime.name" value="Java(TM) SE Runtime Environment"/><property name="java.vm.name" value="Java HotSpot(TM) 64-Bit Server VM"/><property name="java.vendor.url.bug" value="https://bugreport.java.com/bugreport/"/><property name="user.dir" value="C:\Users\rkungu2\Documents\Git 5\CS-474-\DSL_Boolean_Operations"/><property name="os.arch" value="amd64"/><property name="java.vm.info" value="mixed mode, sharing"/><property name="java.vm.version" value="19+36-2238"/><property name="java.class.version" value="63.0"/>
    </properties>
          <testcase classname="YourSetTheoryLanguageTest" name="my first language for set theory operations should Throw an exception because class does not override a method in the interface inherited by the implemented interface" time="0.103">
                      
                    </testcase><testcase classname="YourSetTheoryLanguageTest" name="my first language for set theory operations should Create two interfaces and Implement it in a class" time="0.03">
                      
                    </testcase><testcase classname="YourSetTheoryLanguageTest" name="my first language for set theory operations should Creates an interface" time="0.001">
                      
                    </testcase><testcase classname="YourSetTheoryLanguageTest" name="my first language for set theory operations should Using the object created for the class which inherits a abstract class to call the override method" time="0.02">
                      
                    </testcase><testcase classname="YourSetTheoryLanguageTest" name="my first language for set theory operations should Creating an object for the class which inherits a abstract class" time="0.013">
                      
                    </testcase><testcase classname="YourSetTheoryLanguageTest" name="my first language for set theory operations should throw an Exception because object cannot be created for an abstract class" time="0.005">
                      
                    </testcase><testcase classname="YourSetTheoryLanguageTest" name="my first language for set theory operations should Create an object for the class and call a method" time="0.015">
                      
                    </testcase><testcase classname="YourSetTheoryLanguageTest" name="my first language for set theory operations should Create an object for the class" time="0.009">
                      
                    </testcase><testcase classname="YourSetTheoryLanguageTest" name="my first language for set theory operations should inheriting a abstract class with abstract methods in Child Class" time="0.004">
                      
                    </testcase><testcase classname="YourSetTheoryLanguageTest" name="my first language for set theory operations should inheriting a class with abstract methods, should throw an exception because the method is not defined in the derived class" time="0.009">
                      
                    </testcase><testcase classname="YourSetTheoryLanguageTest" name="my first language for set theory operations should inheriting a class with abstract methods" time="0.006">
                      
                    </testcase><testcase classname="YourSetTheoryLanguageTest" name="my first language for set theory operations should Create a class" time="0.002">
                      
                    </testcase><testcase classname="YourSetTheoryLanguageTest" name="my first language for set theory operations should Create a new object for the class" time="0.004">
                      
                    </testcase><testcase classname="YourSetTheoryLanguageTest" name="my first language for set theory operations should Using the object to setField" time="0.016">
                      
                    </testcase><testcase classname="YourSetTheoryLanguageTest" name="my first language for set theory operations should create a gate to test the De Morgan's law" time="0.02">
                      
                    </testcase><testcase classname="YourSetTheoryLanguageTest" name="my first language for set theory operations should Assign XOR gate expression to logicGate2" time="0.008">
                      
                    </testcase><testcase classname="YourSetTheoryLanguageTest" name="my first language for set theory operations should abide by the De Morgan's law" time="0.005">
                      
                    </testcase><testcase classname="YourSetTheoryLanguageTest" name="my first language for set theory operations should Testing Scope" time="0.02">
                      
                    </testcase><testcase classname="YourSetTheoryLanguageTest" name="my first language for set theory operations should Testing Scope with XNOR, NOR and NAND" time="0.019">
                      
                    </testcase>
          <system-out><![CDATA[]]></system-out>
          <system-err><![CDATA[]]></system-err>
        </testsuite>